[2025-08-30T21:54:02.170+0000] {manager.py:487} INFO - Processing files using up to 2 processes at a time 
[2025-08-30T21:54:02.170+0000] {manager.py:488} INFO - Process each file at most once every 30 seconds
[2025-08-30T21:54:02.170+0000] {manager.py:489} INFO - Checking for new files in /opt/airflow/dags every 300 seconds
[2025-08-30T21:54:02.170+0000] {manager.py:755} INFO - Searching for files in /opt/airflow/dags
[2025-08-30T21:54:02.171+0000] {manager.py:758} INFO - There are 0 files in /opt/airflow/dags
[2025-08-30T21:57:04.445+0000] {manager.py:469} INFO - Exiting gracefully upon receiving signal 15
[2025-08-30T22:09:47.723+0000] {manager.py:487} INFO - Processing files using up to 2 processes at a time 
[2025-08-30T22:09:47.724+0000] {manager.py:488} INFO - Process each file at most once every 30 seconds
[2025-08-30T22:09:47.724+0000] {manager.py:489} INFO - Checking for new files in /opt/airflow/dags every 300 seconds
[2025-08-30T22:09:47.724+0000] {manager.py:755} INFO - Searching for files in /opt/airflow/dags
[2025-08-30T22:09:47.724+0000] {manager.py:758} INFO - There are 0 files in /opt/airflow/dags
[2025-08-30T22:14:48.058+0000] {manager.py:755} INFO - Searching for files in /opt/airflow/dags
[2025-08-30T22:14:48.059+0000] {manager.py:758} INFO - There are 1 files in /opt/airflow/dags
[2025-08-30T22:14:49.079+0000] {manager.py:887} INFO - 
================================================================================
DAG File Processing Stats

File Path                                  PID    Runtime      # DAGs    # Errors  Last Runtime    Last Run
-----------------------------------------  -----  ---------  --------  ----------  --------------  -------------------
/opt/airflow/dags/kaggle_ingestion_dag.py                           1           0  0.21s           2025-08-30T22:14:48
================================================================================
[2025-08-30T22:15:19.361+0000] {manager.py:887} INFO - 
================================================================================
DAG File Processing Stats

File Path                                  PID    Runtime      # DAGs    # Errors  Last Runtime    Last Run
-----------------------------------------  -----  ---------  --------  ----------  --------------  -------------------
/opt/airflow/dags/kaggle_ingestion_dag.py                           1           0  0.06s           2025-08-30T22:15:18
================================================================================
[2025-08-30T22:15:49.497+0000] {manager.py:887} INFO - 
================================================================================
DAG File Processing Stats

File Path                                  PID    Runtime      # DAGs    # Errors  Last Runtime    Last Run
-----------------------------------------  -----  ---------  --------  ----------  --------------  -------------------
/opt/airflow/dags/kaggle_ingestion_dag.py                           1           0  0.06s           2025-08-30T22:15:48
================================================================================
[2025-08-30T22:16:19.618+0000] {manager.py:887} INFO - 
================================================================================
DAG File Processing Stats

File Path                                  PID    Runtime      # DAGs    # Errors  Last Runtime    Last Run
-----------------------------------------  -----  ---------  --------  ----------  --------------  -------------------
/opt/airflow/dags/kaggle_ingestion_dag.py                           1           0  0.13s           2025-08-30T22:15:59
================================================================================
[2025-08-30T22:16:49.793+0000] {manager.py:887} INFO - 
================================================================================
DAG File Processing Stats

File Path                                  PID    Runtime      # DAGs    # Errors  Last Runtime    Last Run
-----------------------------------------  -----  ---------  --------  ----------  --------------  -------------------
/opt/airflow/dags/kaggle_ingestion_dag.py                           1           0  0.06s           2025-08-30T22:16:29
================================================================================
[2025-08-30T22:17:19.914+0000] {manager.py:887} INFO - 
================================================================================
DAG File Processing Stats

File Path                                  PID    Runtime      # DAGs    # Errors  Last Runtime    Last Run
-----------------------------------------  -----  ---------  --------  ----------  --------------  -------------------
/opt/airflow/dags/kaggle_ingestion_dag.py                           1           0  0.08s           2025-08-30T22:16:59
================================================================================
[2025-08-30T22:17:50.036+0000] {manager.py:887} INFO - 
================================================================================
DAG File Processing Stats

File Path                                  PID    Runtime      # DAGs    # Errors  Last Runtime    Last Run
-----------------------------------------  -----  ---------  --------  ----------  --------------  -------------------
/opt/airflow/dags/kaggle_ingestion_dag.py                           1           0  0.06s           2025-08-30T22:17:30
================================================================================
[2025-08-30T22:18:20.138+0000] {manager.py:887} INFO - 
================================================================================
DAG File Processing Stats

File Path                                  PID    Runtime      # DAGs    # Errors  Last Runtime    Last Run
-----------------------------------------  -----  ---------  --------  ----------  --------------  -------------------
/opt/airflow/dags/kaggle_ingestion_dag.py                           1           0  0.06s           2025-08-30T22:18:00
================================================================================
[2025-08-30T22:18:50.257+0000] {manager.py:887} INFO - 
================================================================================
DAG File Processing Stats

File Path                                  PID    Runtime      # DAGs    # Errors  Last Runtime    Last Run
-----------------------------------------  -----  ---------  --------  ----------  --------------  -------------------
/opt/airflow/dags/kaggle_ingestion_dag.py                           1           0  0.06s           2025-08-30T22:18:30
================================================================================
[2025-08-30T22:19:20.450+0000] {manager.py:887} INFO - 
================================================================================
DAG File Processing Stats

File Path                                  PID    Runtime      # DAGs    # Errors  Last Runtime    Last Run
-----------------------------------------  -----  ---------  --------  ----------  --------------  -------------------
/opt/airflow/dags/kaggle_ingestion_dag.py                           1           0  0.18s           2025-08-30T22:19:13
================================================================================
[2025-08-30T22:19:48.626+0000] {manager.py:755} INFO - Searching for files in /opt/airflow/dags
[2025-08-30T22:19:48.627+0000] {manager.py:758} INFO - There are 1 files in /opt/airflow/dags
[2025-08-30T22:19:50.640+0000] {manager.py:887} INFO - 
================================================================================
DAG File Processing Stats

File Path                                  PID    Runtime      # DAGs    # Errors  Last Runtime    Last Run
-----------------------------------------  -----  ---------  --------  ----------  --------------  -------------------
/opt/airflow/dags/kaggle_ingestion_dag.py                           1           0  0.07s           2025-08-30T22:19:43
================================================================================
[2025-08-30T22:20:20.765+0000] {manager.py:887} INFO - 
================================================================================
DAG File Processing Stats

File Path                                  PID    Runtime      # DAGs    # Errors  Last Runtime    Last Run
-----------------------------------------  -----  ---------  --------  ----------  --------------  -------------------
/opt/airflow/dags/kaggle_ingestion_dag.py                           1           0  0.07s           2025-08-30T22:20:13
================================================================================
[2025-08-30T22:20:50.875+0000] {manager.py:887} INFO - 
================================================================================
DAG File Processing Stats

File Path                                  PID    Runtime      # DAGs    # Errors  Last Runtime    Last Run
-----------------------------------------  -----  ---------  --------  ----------  --------------  -------------------
/opt/airflow/dags/kaggle_ingestion_dag.py                           1           0  0.06s           2025-08-30T22:20:43
================================================================================
[2025-08-30T22:21:20.996+0000] {manager.py:887} INFO - 
================================================================================
DAG File Processing Stats

File Path                                  PID    Runtime      # DAGs    # Errors  Last Runtime    Last Run
-----------------------------------------  -----  ---------  --------  ----------  --------------  -------------------
/opt/airflow/dags/kaggle_ingestion_dag.py                           1           0  0.06s           2025-08-30T22:21:14
================================================================================
[2025-08-30T22:21:51.100+0000] {manager.py:887} INFO - 
================================================================================
DAG File Processing Stats

File Path                                  PID    Runtime      # DAGs    # Errors  Last Runtime    Last Run
-----------------------------------------  -----  ---------  --------  ----------  --------------  -------------------
/opt/airflow/dags/kaggle_ingestion_dag.py                           1           0  0.07s           2025-08-30T22:21:44
================================================================================
[2025-08-30T22:22:21.228+0000] {manager.py:887} INFO - 
================================================================================
DAG File Processing Stats

File Path                                  PID    Runtime      # DAGs    # Errors  Last Runtime    Last Run
-----------------------------------------  -----  ---------  --------  ----------  --------------  -------------------
/opt/airflow/dags/kaggle_ingestion_dag.py                           1           0  0.06s           2025-08-30T22:22:14
================================================================================
[2025-08-30T22:22:51.327+0000] {manager.py:887} INFO - 
================================================================================
DAG File Processing Stats

File Path                                  PID    Runtime      # DAGs    # Errors  Last Runtime    Last Run
-----------------------------------------  -----  ---------  --------  ----------  --------------  -------------------
/opt/airflow/dags/kaggle_ingestion_dag.py                           1           0  0.06s           2025-08-30T22:22:44
================================================================================
[2025-08-30T22:23:14.570+0000] {manager.py:469} INFO - Exiting gracefully upon receiving signal 15
[2025-08-30T22:23:55.724+0000] {manager.py:487} INFO - Processing files using up to 2 processes at a time 
[2025-08-30T22:23:55.725+0000] {manager.py:488} INFO - Process each file at most once every 30 seconds
[2025-08-30T22:23:55.725+0000] {manager.py:489} INFO - Checking for new files in /opt/airflow/dags every 300 seconds
[2025-08-30T22:23:55.725+0000] {manager.py:755} INFO - Searching for files in /opt/airflow/dags
[2025-08-30T22:23:55.727+0000] {manager.py:758} INFO - There are 1 files in /opt/airflow/dags
[2025-08-30T22:23:55.844+0000] {manager.py:887} INFO - 
================================================================================
DAG File Processing Stats

File Path                                    PID  Runtime      # DAGs    # Errors  Last Runtime    Last Run
-----------------------------------------  -----  ---------  --------  ----------  --------------  ----------
/opt/airflow/dags/kaggle_ingestion_dag.py     61  0.09s             0           0
================================================================================
[2025-08-30T22:24:25.982+0000] {manager.py:887} INFO - 
================================================================================
DAG File Processing Stats

File Path                                    PID  Runtime      # DAGs    # Errors  Last Runtime    Last Run
-----------------------------------------  -----  ---------  --------  ----------  --------------  -------------------
/opt/airflow/dags/kaggle_ingestion_dag.py     94  0.00s             1           0  0.13s           2025-08-30T22:23:55
================================================================================
[2025-08-30T22:24:56.134+0000] {manager.py:887} INFO - 
================================================================================
DAG File Processing Stats

File Path                                    PID  Runtime      # DAGs    # Errors  Last Runtime    Last Run
-----------------------------------------  -----  ---------  --------  ----------  --------------  -------------------
/opt/airflow/dags/kaggle_ingestion_dag.py    102  0.00s             1           0  0.06s           2025-08-30T22:24:26
================================================================================
[2025-08-30T22:25:26.293+0000] {manager.py:887} INFO - 
================================================================================
DAG File Processing Stats

File Path                                    PID  Runtime      # DAGs    # Errors  Last Runtime    Last Run
-----------------------------------------  -----  ---------  --------  ----------  --------------  -------------------
/opt/airflow/dags/kaggle_ingestion_dag.py    110  0.00s             1           0  0.06s           2025-08-30T22:24:56
================================================================================
[2025-08-30T22:25:56.449+0000] {manager.py:887} INFO - 
================================================================================
DAG File Processing Stats

File Path                                    PID  Runtime      # DAGs    # Errors  Last Runtime    Last Run
-----------------------------------------  -----  ---------  --------  ----------  --------------  -------------------
/opt/airflow/dags/kaggle_ingestion_dag.py    118  0.00s             1           0  0.05s           2025-08-30T22:25:26
================================================================================
[2025-08-30T22:26:26.594+0000] {manager.py:887} INFO - 
================================================================================
DAG File Processing Stats

File Path                                    PID  Runtime      # DAGs    # Errors  Last Runtime    Last Run
-----------------------------------------  -----  ---------  --------  ----------  --------------  -------------------
/opt/airflow/dags/kaggle_ingestion_dag.py    126  0.00s             1           0  0.05s           2025-08-30T22:25:56
================================================================================
[2025-08-30T22:26:56.714+0000] {manager.py:887} INFO - 
================================================================================
DAG File Processing Stats

File Path                                    PID  Runtime      # DAGs    # Errors  Last Runtime    Last Run
-----------------------------------------  -----  ---------  --------  ----------  --------------  -------------------
/opt/airflow/dags/kaggle_ingestion_dag.py    149  0.00s             1           0  0.07s           2025-08-30T22:26:26
================================================================================
[2025-08-30T22:27:26.842+0000] {manager.py:887} INFO - 
================================================================================
DAG File Processing Stats

File Path                                    PID  Runtime      # DAGs    # Errors  Last Runtime    Last Run
-----------------------------------------  -----  ---------  --------  ----------  --------------  -------------------
/opt/airflow/dags/kaggle_ingestion_dag.py    157  0.00s             1           0  0.06s           2025-08-30T22:26:56
================================================================================
[2025-08-30T22:27:56.952+0000] {manager.py:887} INFO - 
================================================================================
DAG File Processing Stats

File Path                                    PID  Runtime      # DAGs    # Errors  Last Runtime    Last Run
-----------------------------------------  -----  ---------  --------  ----------  --------------  -------------------
/opt/airflow/dags/kaggle_ingestion_dag.py    165  0.00s             1           0  0.07s           2025-08-30T22:27:26
================================================================================
[2025-08-30T22:28:23.430+0000] {manager.py:469} INFO - Exiting gracefully upon receiving signal 15
