[2025-08-30T22:14:48.072+0000] {processor.py:157} INFO - Started process (PID=184) to work on /opt/airflow/dags/kaggle_ingestion_dag.py
[2025-08-30T22:14:48.073+0000] {processor.py:829} INFO - Processing file /opt/airflow/dags/kaggle_ingestion_dag.py for tasks to queue
[2025-08-30T22:14:48.076+0000] {logging_mixin.py:154} INFO - [2025-08-30T22:14:48.075+0000] {dagbag.py:536} INFO - Filling up the DagBag from /opt/airflow/dags/kaggle_ingestion_dag.py
[2025-08-30T22:14:48.083+0000] {processor.py:839} INFO - DAG(s) dict_keys(['kaggle_dataset_ingestion']) retrieved from /opt/airflow/dags/kaggle_ingestion_dag.py
[2025-08-30T22:14:48.234+0000] {logging_mixin.py:154} INFO - [2025-08-30T22:14:48.234+0000] {manager.py:499} INFO - Created Permission View: %s
[2025-08-30T22:14:48.244+0000] {logging_mixin.py:154} INFO - [2025-08-30T22:14:48.243+0000] {manager.py:499} INFO - Created Permission View: %s
[2025-08-30T22:14:48.250+0000] {logging_mixin.py:154} INFO - [2025-08-30T22:14:48.250+0000] {manager.py:499} INFO - Created Permission View: %s
[2025-08-30T22:14:48.250+0000] {logging_mixin.py:154} INFO - [2025-08-30T22:14:48.250+0000] {dag.py:2941} INFO - Sync 1 DAGs
[2025-08-30T22:14:48.257+0000] {logging_mixin.py:154} INFO - [2025-08-30T22:14:48.257+0000] {dag.py:2963} INFO - Creating ORM DAG for kaggle_dataset_ingestion
[2025-08-30T22:14:48.257+0000] {logging_mixin.py:154} INFO - [2025-08-30T22:14:48.257+0000] {dag.py:3722} INFO - Setting next_dagrun for kaggle_dataset_ingestion to None, run_after=None
[2025-08-30T22:14:48.271+0000] {processor.py:179} INFO - Processing /opt/airflow/dags/kaggle_ingestion_dag.py took 0.201 seconds
[2025-08-30T22:15:18.361+0000] {processor.py:157} INFO - Started process (PID=192) to work on /opt/airflow/dags/kaggle_ingestion_dag.py
[2025-08-30T22:15:18.362+0000] {processor.py:829} INFO - Processing file /opt/airflow/dags/kaggle_ingestion_dag.py for tasks to queue
[2025-08-30T22:15:18.364+0000] {logging_mixin.py:154} INFO - [2025-08-30T22:15:18.363+0000] {dagbag.py:536} INFO - Filling up the DagBag from /opt/airflow/dags/kaggle_ingestion_dag.py
[2025-08-30T22:15:18.370+0000] {processor.py:839} INFO - DAG(s) dict_keys(['kaggle_dataset_ingestion']) retrieved from /opt/airflow/dags/kaggle_ingestion_dag.py
[2025-08-30T22:15:18.389+0000] {logging_mixin.py:154} INFO - [2025-08-30T22:15:18.389+0000] {dag.py:2941} INFO - Sync 1 DAGs
[2025-08-30T22:15:18.397+0000] {logging_mixin.py:154} INFO - [2025-08-30T22:15:18.397+0000] {dag.py:3722} INFO - Setting next_dagrun for kaggle_dataset_ingestion to None, run_after=None
[2025-08-30T22:15:18.411+0000] {processor.py:179} INFO - Processing /opt/airflow/dags/kaggle_ingestion_dag.py took 0.053 seconds
[2025-08-30T22:15:48.463+0000] {processor.py:157} INFO - Started process (PID=200) to work on /opt/airflow/dags/kaggle_ingestion_dag.py
[2025-08-30T22:15:48.464+0000] {processor.py:829} INFO - Processing file /opt/airflow/dags/kaggle_ingestion_dag.py for tasks to queue
[2025-08-30T22:15:48.466+0000] {logging_mixin.py:154} INFO - [2025-08-30T22:15:48.466+0000] {dagbag.py:536} INFO - Filling up the DagBag from /opt/airflow/dags/kaggle_ingestion_dag.py
[2025-08-30T22:15:48.472+0000] {processor.py:839} INFO - DAG(s) dict_keys(['kaggle_dataset_ingestion']) retrieved from /opt/airflow/dags/kaggle_ingestion_dag.py
[2025-08-30T22:15:48.491+0000] {logging_mixin.py:154} INFO - [2025-08-30T22:15:48.491+0000] {dag.py:2941} INFO - Sync 1 DAGs
[2025-08-30T22:15:48.500+0000] {logging_mixin.py:154} INFO - [2025-08-30T22:15:48.500+0000] {dag.py:3722} INFO - Setting next_dagrun for kaggle_dataset_ingestion to None, run_after=None
[2025-08-30T22:15:48.514+0000] {processor.py:179} INFO - Processing /opt/airflow/dags/kaggle_ingestion_dag.py took 0.053 seconds
[2025-08-30T22:15:59.539+0000] {processor.py:157} INFO - Started process (PID=208) to work on /opt/airflow/dags/kaggle_ingestion_dag.py
[2025-08-30T22:15:59.540+0000] {processor.py:829} INFO - Processing file /opt/airflow/dags/kaggle_ingestion_dag.py for tasks to queue
[2025-08-30T22:15:59.542+0000] {logging_mixin.py:154} INFO - [2025-08-30T22:15:59.542+0000] {dagbag.py:536} INFO - Filling up the DagBag from /opt/airflow/dags/kaggle_ingestion_dag.py
[2025-08-30T22:15:59.549+0000] {processor.py:839} INFO - DAG(s) dict_keys(['kaggle_dataset_ingestion']) retrieved from /opt/airflow/dags/kaggle_ingestion_dag.py
[2025-08-30T22:15:59.626+0000] {logging_mixin.py:154} INFO - [2025-08-30T22:15:59.626+0000] {dag.py:2941} INFO - Sync 1 DAGs
[2025-08-30T22:15:59.634+0000] {logging_mixin.py:154} INFO - [2025-08-30T22:15:59.633+0000] {dag.py:3722} INFO - Setting next_dagrun for kaggle_dataset_ingestion to None, run_after=None
[2025-08-30T22:15:59.651+0000] {processor.py:179} INFO - Processing /opt/airflow/dags/kaggle_ingestion_dag.py took 0.114 seconds
[2025-08-30T22:16:29.734+0000] {processor.py:157} INFO - Started process (PID=216) to work on /opt/airflow/dags/kaggle_ingestion_dag.py
[2025-08-30T22:16:29.735+0000] {processor.py:829} INFO - Processing file /opt/airflow/dags/kaggle_ingestion_dag.py for tasks to queue
[2025-08-30T22:16:29.737+0000] {logging_mixin.py:154} INFO - [2025-08-30T22:16:29.737+0000] {dagbag.py:536} INFO - Filling up the DagBag from /opt/airflow/dags/kaggle_ingestion_dag.py
[2025-08-30T22:16:29.742+0000] {processor.py:839} INFO - DAG(s) dict_keys(['kaggle_dataset_ingestion']) retrieved from /opt/airflow/dags/kaggle_ingestion_dag.py
[2025-08-30T22:16:29.757+0000] {logging_mixin.py:154} INFO - [2025-08-30T22:16:29.757+0000] {dag.py:2941} INFO - Sync 1 DAGs
[2025-08-30T22:16:29.765+0000] {logging_mixin.py:154} INFO - [2025-08-30T22:16:29.765+0000] {dag.py:3722} INFO - Setting next_dagrun for kaggle_dataset_ingestion to None, run_after=None
[2025-08-30T22:16:29.778+0000] {processor.py:179} INFO - Processing /opt/airflow/dags/kaggle_ingestion_dag.py took 0.046 seconds
[2025-08-30T22:16:59.832+0000] {processor.py:157} INFO - Started process (PID=224) to work on /opt/airflow/dags/kaggle_ingestion_dag.py
[2025-08-30T22:16:59.834+0000] {processor.py:829} INFO - Processing file /opt/airflow/dags/kaggle_ingestion_dag.py for tasks to queue
[2025-08-30T22:16:59.836+0000] {logging_mixin.py:154} INFO - [2025-08-30T22:16:59.836+0000] {dagbag.py:536} INFO - Filling up the DagBag from /opt/airflow/dags/kaggle_ingestion_dag.py
[2025-08-30T22:16:59.845+0000] {processor.py:839} INFO - DAG(s) dict_keys(['kaggle_dataset_ingestion']) retrieved from /opt/airflow/dags/kaggle_ingestion_dag.py
[2025-08-30T22:16:59.866+0000] {logging_mixin.py:154} INFO - [2025-08-30T22:16:59.866+0000] {dag.py:2941} INFO - Sync 1 DAGs
[2025-08-30T22:16:59.878+0000] {logging_mixin.py:154} INFO - [2025-08-30T22:16:59.878+0000] {dag.py:3722} INFO - Setting next_dagrun for kaggle_dataset_ingestion to None, run_after=None
[2025-08-30T22:16:59.897+0000] {processor.py:179} INFO - Processing /opt/airflow/dags/kaggle_ingestion_dag.py took 0.067 seconds
[2025-08-30T22:17:29.952+0000] {processor.py:157} INFO - Started process (PID=232) to work on /opt/airflow/dags/kaggle_ingestion_dag.py
[2025-08-30T22:17:29.953+0000] {processor.py:829} INFO - Processing file /opt/airflow/dags/kaggle_ingestion_dag.py for tasks to queue
[2025-08-30T22:17:29.955+0000] {logging_mixin.py:154} INFO - [2025-08-30T22:17:29.955+0000] {dagbag.py:536} INFO - Filling up the DagBag from /opt/airflow/dags/kaggle_ingestion_dag.py
[2025-08-30T22:17:29.962+0000] {processor.py:839} INFO - DAG(s) dict_keys(['kaggle_dataset_ingestion']) retrieved from /opt/airflow/dags/kaggle_ingestion_dag.py
[2025-08-30T22:17:29.979+0000] {logging_mixin.py:154} INFO - [2025-08-30T22:17:29.979+0000] {dag.py:2941} INFO - Sync 1 DAGs
[2025-08-30T22:17:29.988+0000] {logging_mixin.py:154} INFO - [2025-08-30T22:17:29.987+0000] {dag.py:3722} INFO - Setting next_dagrun for kaggle_dataset_ingestion to None, run_after=None
[2025-08-30T22:17:30.002+0000] {processor.py:179} INFO - Processing /opt/airflow/dags/kaggle_ingestion_dag.py took 0.052 seconds
[2025-08-30T22:18:00.076+0000] {processor.py:157} INFO - Started process (PID=240) to work on /opt/airflow/dags/kaggle_ingestion_dag.py
[2025-08-30T22:18:00.077+0000] {processor.py:829} INFO - Processing file /opt/airflow/dags/kaggle_ingestion_dag.py for tasks to queue
[2025-08-30T22:18:00.079+0000] {logging_mixin.py:154} INFO - [2025-08-30T22:18:00.079+0000] {dagbag.py:536} INFO - Filling up the DagBag from /opt/airflow/dags/kaggle_ingestion_dag.py
[2025-08-30T22:18:00.084+0000] {processor.py:839} INFO - DAG(s) dict_keys(['kaggle_dataset_ingestion']) retrieved from /opt/airflow/dags/kaggle_ingestion_dag.py
[2025-08-30T22:18:00.101+0000] {logging_mixin.py:154} INFO - [2025-08-30T22:18:00.101+0000] {dag.py:2941} INFO - Sync 1 DAGs
[2025-08-30T22:18:00.110+0000] {logging_mixin.py:154} INFO - [2025-08-30T22:18:00.109+0000] {dag.py:3722} INFO - Setting next_dagrun for kaggle_dataset_ingestion to None, run_after=None
[2025-08-30T22:18:00.123+0000] {processor.py:179} INFO - Processing /opt/airflow/dags/kaggle_ingestion_dag.py took 0.049 seconds
[2025-08-30T22:18:30.176+0000] {processor.py:157} INFO - Started process (PID=248) to work on /opt/airflow/dags/kaggle_ingestion_dag.py
[2025-08-30T22:18:30.176+0000] {processor.py:829} INFO - Processing file /opt/airflow/dags/kaggle_ingestion_dag.py for tasks to queue
[2025-08-30T22:18:30.178+0000] {logging_mixin.py:154} INFO - [2025-08-30T22:18:30.177+0000] {dagbag.py:536} INFO - Filling up the DagBag from /opt/airflow/dags/kaggle_ingestion_dag.py
[2025-08-30T22:18:30.184+0000] {processor.py:839} INFO - DAG(s) dict_keys(['kaggle_dataset_ingestion']) retrieved from /opt/airflow/dags/kaggle_ingestion_dag.py
[2025-08-30T22:18:30.201+0000] {logging_mixin.py:154} INFO - [2025-08-30T22:18:30.200+0000] {dag.py:2941} INFO - Sync 1 DAGs
[2025-08-30T22:18:30.209+0000] {logging_mixin.py:154} INFO - [2025-08-30T22:18:30.209+0000] {dag.py:3722} INFO - Setting next_dagrun for kaggle_dataset_ingestion to None, run_after=None
[2025-08-30T22:18:30.223+0000] {processor.py:179} INFO - Processing /opt/airflow/dags/kaggle_ingestion_dag.py took 0.049 seconds
[2025-08-30T22:19:00.300+0000] {processor.py:157} INFO - Started process (PID=257) to work on /opt/airflow/dags/kaggle_ingestion_dag.py
[2025-08-30T22:19:00.301+0000] {processor.py:829} INFO - Processing file /opt/airflow/dags/kaggle_ingestion_dag.py for tasks to queue
[2025-08-30T22:19:00.303+0000] {logging_mixin.py:154} INFO - [2025-08-30T22:19:00.303+0000] {dagbag.py:536} INFO - Filling up the DagBag from /opt/airflow/dags/kaggle_ingestion_dag.py
[2025-08-30T22:19:00.313+0000] {processor.py:839} INFO - DAG(s) dict_keys(['kaggle_dataset_ingestion']) retrieved from /opt/airflow/dags/kaggle_ingestion_dag.py
[2025-08-30T22:19:00.338+0000] {logging_mixin.py:154} INFO - [2025-08-30T22:19:00.338+0000] {dag.py:2941} INFO - Sync 1 DAGs
[2025-08-30T22:19:00.352+0000] {logging_mixin.py:154} INFO - [2025-08-30T22:19:00.352+0000] {dag.py:3722} INFO - Setting next_dagrun for kaggle_dataset_ingestion to None, run_after=None
[2025-08-30T22:19:00.375+0000] {processor.py:179} INFO - Processing /opt/airflow/dags/kaggle_ingestion_dag.py took 0.078 seconds
[2025-08-30T22:19:13.364+0000] {processor.py:157} INFO - Started process (PID=272) to work on /opt/airflow/dags/kaggle_ingestion_dag.py
[2025-08-30T22:19:13.365+0000] {processor.py:829} INFO - Processing file /opt/airflow/dags/kaggle_ingestion_dag.py for tasks to queue
[2025-08-30T22:19:13.367+0000] {logging_mixin.py:154} INFO - [2025-08-30T22:19:13.367+0000] {dagbag.py:536} INFO - Filling up the DagBag from /opt/airflow/dags/kaggle_ingestion_dag.py
[2025-08-30T22:19:13.378+0000] {processor.py:839} INFO - DAG(s) dict_keys(['kaggle_dataset_ingestion']) retrieved from /opt/airflow/dags/kaggle_ingestion_dag.py
[2025-08-30T22:19:13.501+0000] {logging_mixin.py:154} INFO - [2025-08-30T22:19:13.500+0000] {dag.py:2941} INFO - Sync 1 DAGs
[2025-08-30T22:19:13.509+0000] {logging_mixin.py:154} INFO - [2025-08-30T22:19:13.508+0000] {dag.py:3722} INFO - Setting next_dagrun for kaggle_dataset_ingestion to None, run_after=None
[2025-08-30T22:19:13.525+0000] {processor.py:179} INFO - Processing /opt/airflow/dags/kaggle_ingestion_dag.py took 0.166 seconds
[2025-08-30T22:19:43.615+0000] {processor.py:157} INFO - Started process (PID=287) to work on /opt/airflow/dags/kaggle_ingestion_dag.py
[2025-08-30T22:19:43.616+0000] {processor.py:829} INFO - Processing file /opt/airflow/dags/kaggle_ingestion_dag.py for tasks to queue
[2025-08-30T22:19:43.618+0000] {logging_mixin.py:154} INFO - [2025-08-30T22:19:43.617+0000] {dagbag.py:536} INFO - Filling up the DagBag from /opt/airflow/dags/kaggle_ingestion_dag.py
[2025-08-30T22:19:43.626+0000] {processor.py:839} INFO - DAG(s) dict_keys(['kaggle_dataset_ingestion']) retrieved from /opt/airflow/dags/kaggle_ingestion_dag.py
[2025-08-30T22:19:43.643+0000] {logging_mixin.py:154} INFO - [2025-08-30T22:19:43.643+0000] {dag.py:2941} INFO - Sync 1 DAGs
[2025-08-30T22:19:43.650+0000] {logging_mixin.py:154} INFO - [2025-08-30T22:19:43.650+0000] {dag.py:3722} INFO - Setting next_dagrun for kaggle_dataset_ingestion to None, run_after=None
[2025-08-30T22:19:43.667+0000] {processor.py:179} INFO - Processing /opt/airflow/dags/kaggle_ingestion_dag.py took 0.053 seconds
[2025-08-30T22:20:13.717+0000] {processor.py:157} INFO - Started process (PID=295) to work on /opt/airflow/dags/kaggle_ingestion_dag.py
[2025-08-30T22:20:13.719+0000] {processor.py:829} INFO - Processing file /opt/airflow/dags/kaggle_ingestion_dag.py for tasks to queue
[2025-08-30T22:20:13.720+0000] {logging_mixin.py:154} INFO - [2025-08-30T22:20:13.720+0000] {dagbag.py:536} INFO - Filling up the DagBag from /opt/airflow/dags/kaggle_ingestion_dag.py
[2025-08-30T22:20:13.727+0000] {processor.py:839} INFO - DAG(s) dict_keys(['kaggle_dataset_ingestion']) retrieved from /opt/airflow/dags/kaggle_ingestion_dag.py
[2025-08-30T22:20:13.745+0000] {logging_mixin.py:154} INFO - [2025-08-30T22:20:13.744+0000] {dag.py:2941} INFO - Sync 1 DAGs
[2025-08-30T22:20:13.756+0000] {logging_mixin.py:154} INFO - [2025-08-30T22:20:13.755+0000] {dag.py:3722} INFO - Setting next_dagrun for kaggle_dataset_ingestion to None, run_after=None
[2025-08-30T22:20:13.773+0000] {processor.py:179} INFO - Processing /opt/airflow/dags/kaggle_ingestion_dag.py took 0.058 seconds
[2025-08-30T22:20:43.849+0000] {processor.py:157} INFO - Started process (PID=303) to work on /opt/airflow/dags/kaggle_ingestion_dag.py
[2025-08-30T22:20:43.851+0000] {processor.py:829} INFO - Processing file /opt/airflow/dags/kaggle_ingestion_dag.py for tasks to queue
[2025-08-30T22:20:43.853+0000] {logging_mixin.py:154} INFO - [2025-08-30T22:20:43.853+0000] {dagbag.py:536} INFO - Filling up the DagBag from /opt/airflow/dags/kaggle_ingestion_dag.py
[2025-08-30T22:20:43.859+0000] {processor.py:839} INFO - DAG(s) dict_keys(['kaggle_dataset_ingestion']) retrieved from /opt/airflow/dags/kaggle_ingestion_dag.py
[2025-08-30T22:20:43.876+0000] {logging_mixin.py:154} INFO - [2025-08-30T22:20:43.876+0000] {dag.py:2941} INFO - Sync 1 DAGs
[2025-08-30T22:20:43.885+0000] {logging_mixin.py:154} INFO - [2025-08-30T22:20:43.885+0000] {dag.py:3722} INFO - Setting next_dagrun for kaggle_dataset_ingestion to None, run_after=None
[2025-08-30T22:20:43.898+0000] {processor.py:179} INFO - Processing /opt/airflow/dags/kaggle_ingestion_dag.py took 0.052 seconds
[2025-08-30T22:21:13.953+0000] {processor.py:157} INFO - Started process (PID=311) to work on /opt/airflow/dags/kaggle_ingestion_dag.py
[2025-08-30T22:21:13.955+0000] {processor.py:829} INFO - Processing file /opt/airflow/dags/kaggle_ingestion_dag.py for tasks to queue
[2025-08-30T22:21:13.956+0000] {logging_mixin.py:154} INFO - [2025-08-30T22:21:13.956+0000] {dagbag.py:536} INFO - Filling up the DagBag from /opt/airflow/dags/kaggle_ingestion_dag.py
[2025-08-30T22:21:13.963+0000] {processor.py:839} INFO - DAG(s) dict_keys(['kaggle_dataset_ingestion']) retrieved from /opt/airflow/dags/kaggle_ingestion_dag.py
[2025-08-30T22:21:13.979+0000] {logging_mixin.py:154} INFO - [2025-08-30T22:21:13.979+0000] {dag.py:2941} INFO - Sync 1 DAGs
[2025-08-30T22:21:13.988+0000] {logging_mixin.py:154} INFO - [2025-08-30T22:21:13.988+0000] {dag.py:3722} INFO - Setting next_dagrun for kaggle_dataset_ingestion to None, run_after=None
[2025-08-30T22:21:14.004+0000] {processor.py:179} INFO - Processing /opt/airflow/dags/kaggle_ingestion_dag.py took 0.053 seconds
[2025-08-30T22:21:44.073+0000] {processor.py:157} INFO - Started process (PID=330) to work on /opt/airflow/dags/kaggle_ingestion_dag.py
[2025-08-30T22:21:44.075+0000] {processor.py:829} INFO - Processing file /opt/airflow/dags/kaggle_ingestion_dag.py for tasks to queue
[2025-08-30T22:21:44.077+0000] {logging_mixin.py:154} INFO - [2025-08-30T22:21:44.077+0000] {dagbag.py:536} INFO - Filling up the DagBag from /opt/airflow/dags/kaggle_ingestion_dag.py
[2025-08-30T22:21:44.084+0000] {processor.py:839} INFO - DAG(s) dict_keys(['kaggle_dataset_ingestion']) retrieved from /opt/airflow/dags/kaggle_ingestion_dag.py
[2025-08-30T22:21:44.103+0000] {logging_mixin.py:154} INFO - [2025-08-30T22:21:44.103+0000] {dag.py:2941} INFO - Sync 1 DAGs
[2025-08-30T22:21:44.115+0000] {logging_mixin.py:154} INFO - [2025-08-30T22:21:44.114+0000] {dag.py:3722} INFO - Setting next_dagrun for kaggle_dataset_ingestion to None, run_after=None
[2025-08-30T22:21:44.131+0000] {processor.py:179} INFO - Processing /opt/airflow/dags/kaggle_ingestion_dag.py took 0.061 seconds
[2025-08-30T22:22:14.176+0000] {processor.py:157} INFO - Started process (PID=338) to work on /opt/airflow/dags/kaggle_ingestion_dag.py
[2025-08-30T22:22:14.177+0000] {processor.py:829} INFO - Processing file /opt/airflow/dags/kaggle_ingestion_dag.py for tasks to queue
[2025-08-30T22:22:14.178+0000] {logging_mixin.py:154} INFO - [2025-08-30T22:22:14.178+0000] {dagbag.py:536} INFO - Filling up the DagBag from /opt/airflow/dags/kaggle_ingestion_dag.py
[2025-08-30T22:22:14.183+0000] {processor.py:839} INFO - DAG(s) dict_keys(['kaggle_dataset_ingestion']) retrieved from /opt/airflow/dags/kaggle_ingestion_dag.py
[2025-08-30T22:22:14.198+0000] {logging_mixin.py:154} INFO - [2025-08-30T22:22:14.198+0000] {dag.py:2941} INFO - Sync 1 DAGs
[2025-08-30T22:22:14.206+0000] {logging_mixin.py:154} INFO - [2025-08-30T22:22:14.206+0000] {dag.py:3722} INFO - Setting next_dagrun for kaggle_dataset_ingestion to None, run_after=None
[2025-08-30T22:22:14.219+0000] {processor.py:179} INFO - Processing /opt/airflow/dags/kaggle_ingestion_dag.py took 0.045 seconds
[2025-08-30T22:22:44.305+0000] {processor.py:157} INFO - Started process (PID=346) to work on /opt/airflow/dags/kaggle_ingestion_dag.py
[2025-08-30T22:22:44.307+0000] {processor.py:829} INFO - Processing file /opt/airflow/dags/kaggle_ingestion_dag.py for tasks to queue
[2025-08-30T22:22:44.308+0000] {logging_mixin.py:154} INFO - [2025-08-30T22:22:44.308+0000] {dagbag.py:536} INFO - Filling up the DagBag from /opt/airflow/dags/kaggle_ingestion_dag.py
[2025-08-30T22:22:44.313+0000] {processor.py:839} INFO - DAG(s) dict_keys(['kaggle_dataset_ingestion']) retrieved from /opt/airflow/dags/kaggle_ingestion_dag.py
[2025-08-30T22:22:44.331+0000] {logging_mixin.py:154} INFO - [2025-08-30T22:22:44.330+0000] {dag.py:2941} INFO - Sync 1 DAGs
[2025-08-30T22:22:44.340+0000] {logging_mixin.py:154} INFO - [2025-08-30T22:22:44.339+0000] {dag.py:3722} INFO - Setting next_dagrun for kaggle_dataset_ingestion to None, run_after=None
[2025-08-30T22:22:44.354+0000] {processor.py:179} INFO - Processing /opt/airflow/dags/kaggle_ingestion_dag.py took 0.051 seconds
[2025-08-30T22:23:14.399+0000] {processor.py:157} INFO - Started process (PID=354) to work on /opt/airflow/dags/kaggle_ingestion_dag.py
[2025-08-30T22:23:14.401+0000] {processor.py:829} INFO - Processing file /opt/airflow/dags/kaggle_ingestion_dag.py for tasks to queue
[2025-08-30T22:23:14.403+0000] {logging_mixin.py:154} INFO - [2025-08-30T22:23:14.403+0000] {dagbag.py:536} INFO - Filling up the DagBag from /opt/airflow/dags/kaggle_ingestion_dag.py
[2025-08-30T22:23:14.409+0000] {processor.py:839} INFO - DAG(s) dict_keys(['kaggle_dataset_ingestion']) retrieved from /opt/airflow/dags/kaggle_ingestion_dag.py
[2025-08-30T22:23:14.426+0000] {logging_mixin.py:154} INFO - [2025-08-30T22:23:14.426+0000] {dag.py:2941} INFO - Sync 1 DAGs
[2025-08-30T22:23:14.435+0000] {logging_mixin.py:154} INFO - [2025-08-30T22:23:14.434+0000] {dag.py:3722} INFO - Setting next_dagrun for kaggle_dataset_ingestion to None, run_after=None
[2025-08-30T22:23:14.448+0000] {processor.py:179} INFO - Processing /opt/airflow/dags/kaggle_ingestion_dag.py took 0.051 seconds
[2025-08-30T22:23:55.757+0000] {processor.py:157} INFO - Started process (PID=61) to work on /opt/airflow/dags/kaggle_ingestion_dag.py
[2025-08-30T22:23:55.758+0000] {processor.py:829} INFO - Processing file /opt/airflow/dags/kaggle_ingestion_dag.py for tasks to queue
[2025-08-30T22:23:55.760+0000] {logging_mixin.py:154} INFO - [2025-08-30T22:23:55.760+0000] {dagbag.py:536} INFO - Filling up the DagBag from /opt/airflow/dags/kaggle_ingestion_dag.py
[2025-08-30T22:23:55.776+0000] {processor.py:839} INFO - DAG(s) dict_keys(['kaggle_dataset_ingestion']) retrieved from /opt/airflow/dags/kaggle_ingestion_dag.py
[2025-08-30T22:23:55.808+0000] {logging_mixin.py:154} INFO - [2025-08-30T22:23:55.808+0000] {dag.py:2941} INFO - Sync 1 DAGs
[2025-08-30T22:23:55.843+0000] {logging_mixin.py:154} INFO - [2025-08-30T22:23:55.843+0000] {dag.py:3722} INFO - Setting next_dagrun for kaggle_dataset_ingestion to None, run_after=None
[2025-08-30T22:23:55.873+0000] {processor.py:179} INFO - Processing /opt/airflow/dags/kaggle_ingestion_dag.py took 0.118 seconds
[2025-08-30T22:24:25.986+0000] {processor.py:157} INFO - Started process (PID=94) to work on /opt/airflow/dags/kaggle_ingestion_dag.py
[2025-08-30T22:24:25.986+0000] {processor.py:829} INFO - Processing file /opt/airflow/dags/kaggle_ingestion_dag.py for tasks to queue
[2025-08-30T22:24:25.987+0000] {logging_mixin.py:154} INFO - [2025-08-30T22:24:25.987+0000] {dagbag.py:536} INFO - Filling up the DagBag from /opt/airflow/dags/kaggle_ingestion_dag.py
[2025-08-30T22:24:25.993+0000] {processor.py:839} INFO - DAG(s) dict_keys(['kaggle_dataset_ingestion']) retrieved from /opt/airflow/dags/kaggle_ingestion_dag.py
[2025-08-30T22:24:26.014+0000] {logging_mixin.py:154} INFO - [2025-08-30T22:24:26.014+0000] {dag.py:2941} INFO - Sync 1 DAGs
[2025-08-30T22:24:26.021+0000] {logging_mixin.py:154} INFO - [2025-08-30T22:24:26.021+0000] {dag.py:3722} INFO - Setting next_dagrun for kaggle_dataset_ingestion to None, run_after=None
[2025-08-30T22:24:26.034+0000] {processor.py:179} INFO - Processing /opt/airflow/dags/kaggle_ingestion_dag.py took 0.051 seconds
[2025-08-30T22:24:56.140+0000] {processor.py:157} INFO - Started process (PID=102) to work on /opt/airflow/dags/kaggle_ingestion_dag.py
[2025-08-30T22:24:56.141+0000] {processor.py:829} INFO - Processing file /opt/airflow/dags/kaggle_ingestion_dag.py for tasks to queue
[2025-08-30T22:24:56.142+0000] {logging_mixin.py:154} INFO - [2025-08-30T22:24:56.142+0000] {dagbag.py:536} INFO - Filling up the DagBag from /opt/airflow/dags/kaggle_ingestion_dag.py
[2025-08-30T22:24:56.148+0000] {processor.py:839} INFO - DAG(s) dict_keys(['kaggle_dataset_ingestion']) retrieved from /opt/airflow/dags/kaggle_ingestion_dag.py
[2025-08-30T22:24:56.164+0000] {logging_mixin.py:154} INFO - [2025-08-30T22:24:56.164+0000] {dag.py:2941} INFO - Sync 1 DAGs
[2025-08-30T22:24:56.171+0000] {logging_mixin.py:154} INFO - [2025-08-30T22:24:56.171+0000] {dag.py:3722} INFO - Setting next_dagrun for kaggle_dataset_ingestion to None, run_after=None
[2025-08-30T22:24:56.184+0000] {processor.py:179} INFO - Processing /opt/airflow/dags/kaggle_ingestion_dag.py took 0.048 seconds
[2025-08-30T22:25:26.296+0000] {processor.py:157} INFO - Started process (PID=110) to work on /opt/airflow/dags/kaggle_ingestion_dag.py
[2025-08-30T22:25:26.296+0000] {processor.py:829} INFO - Processing file /opt/airflow/dags/kaggle_ingestion_dag.py for tasks to queue
[2025-08-30T22:25:26.298+0000] {logging_mixin.py:154} INFO - [2025-08-30T22:25:26.297+0000] {dagbag.py:536} INFO - Filling up the DagBag from /opt/airflow/dags/kaggle_ingestion_dag.py
[2025-08-30T22:25:26.303+0000] {processor.py:839} INFO - DAG(s) dict_keys(['kaggle_dataset_ingestion']) retrieved from /opt/airflow/dags/kaggle_ingestion_dag.py
[2025-08-30T22:25:26.318+0000] {logging_mixin.py:154} INFO - [2025-08-30T22:25:26.318+0000] {dag.py:2941} INFO - Sync 1 DAGs
[2025-08-30T22:25:26.326+0000] {logging_mixin.py:154} INFO - [2025-08-30T22:25:26.326+0000] {dag.py:3722} INFO - Setting next_dagrun for kaggle_dataset_ingestion to None, run_after=None
[2025-08-30T22:25:26.339+0000] {processor.py:179} INFO - Processing /opt/airflow/dags/kaggle_ingestion_dag.py took 0.045 seconds
[2025-08-30T22:25:56.451+0000] {processor.py:157} INFO - Started process (PID=118) to work on /opt/airflow/dags/kaggle_ingestion_dag.py
[2025-08-30T22:25:56.453+0000] {processor.py:829} INFO - Processing file /opt/airflow/dags/kaggle_ingestion_dag.py for tasks to queue
[2025-08-30T22:25:56.454+0000] {logging_mixin.py:154} INFO - [2025-08-30T22:25:56.454+0000] {dagbag.py:536} INFO - Filling up the DagBag from /opt/airflow/dags/kaggle_ingestion_dag.py
[2025-08-30T22:25:56.459+0000] {processor.py:839} INFO - DAG(s) dict_keys(['kaggle_dataset_ingestion']) retrieved from /opt/airflow/dags/kaggle_ingestion_dag.py
[2025-08-30T22:25:56.472+0000] {logging_mixin.py:154} INFO - [2025-08-30T22:25:56.472+0000] {dag.py:2941} INFO - Sync 1 DAGs
[2025-08-30T22:25:56.479+0000] {logging_mixin.py:154} INFO - [2025-08-30T22:25:56.479+0000] {dag.py:3722} INFO - Setting next_dagrun for kaggle_dataset_ingestion to None, run_after=None
[2025-08-30T22:25:56.490+0000] {processor.py:179} INFO - Processing /opt/airflow/dags/kaggle_ingestion_dag.py took 0.041 seconds
[2025-08-30T22:26:26.596+0000] {processor.py:157} INFO - Started process (PID=126) to work on /opt/airflow/dags/kaggle_ingestion_dag.py
[2025-08-30T22:26:26.598+0000] {processor.py:829} INFO - Processing file /opt/airflow/dags/kaggle_ingestion_dag.py for tasks to queue
[2025-08-30T22:26:26.599+0000] {logging_mixin.py:154} INFO - [2025-08-30T22:26:26.599+0000] {dagbag.py:536} INFO - Filling up the DagBag from /opt/airflow/dags/kaggle_ingestion_dag.py
[2025-08-30T22:26:26.605+0000] {processor.py:839} INFO - DAG(s) dict_keys(['kaggle_dataset_ingestion']) retrieved from /opt/airflow/dags/kaggle_ingestion_dag.py
[2025-08-30T22:26:26.621+0000] {logging_mixin.py:154} INFO - [2025-08-30T22:26:26.621+0000] {dag.py:2941} INFO - Sync 1 DAGs
[2025-08-30T22:26:26.630+0000] {logging_mixin.py:154} INFO - [2025-08-30T22:26:26.630+0000] {dag.py:3722} INFO - Setting next_dagrun for kaggle_dataset_ingestion to None, run_after=None
[2025-08-30T22:26:26.654+0000] {processor.py:179} INFO - Processing /opt/airflow/dags/kaggle_ingestion_dag.py took 0.059 seconds
[2025-08-30T22:26:56.717+0000] {processor.py:157} INFO - Started process (PID=149) to work on /opt/airflow/dags/kaggle_ingestion_dag.py
[2025-08-30T22:26:56.719+0000] {processor.py:829} INFO - Processing file /opt/airflow/dags/kaggle_ingestion_dag.py for tasks to queue
[2025-08-30T22:26:56.720+0000] {logging_mixin.py:154} INFO - [2025-08-30T22:26:56.719+0000] {dagbag.py:536} INFO - Filling up the DagBag from /opt/airflow/dags/kaggle_ingestion_dag.py
[2025-08-30T22:26:56.728+0000] {processor.py:839} INFO - DAG(s) dict_keys(['kaggle_dataset_ingestion']) retrieved from /opt/airflow/dags/kaggle_ingestion_dag.py
[2025-08-30T22:26:56.746+0000] {logging_mixin.py:154} INFO - [2025-08-30T22:26:56.746+0000] {dag.py:2941} INFO - Sync 1 DAGs
[2025-08-30T22:26:56.755+0000] {logging_mixin.py:154} INFO - [2025-08-30T22:26:56.755+0000] {dag.py:3722} INFO - Setting next_dagrun for kaggle_dataset_ingestion to None, run_after=None
[2025-08-30T22:26:56.767+0000] {processor.py:179} INFO - Processing /opt/airflow/dags/kaggle_ingestion_dag.py took 0.052 seconds
[2025-08-30T22:27:26.846+0000] {processor.py:157} INFO - Started process (PID=157) to work on /opt/airflow/dags/kaggle_ingestion_dag.py
[2025-08-30T22:27:26.846+0000] {processor.py:829} INFO - Processing file /opt/airflow/dags/kaggle_ingestion_dag.py for tasks to queue
[2025-08-30T22:27:26.848+0000] {logging_mixin.py:154} INFO - [2025-08-30T22:27:26.848+0000] {dagbag.py:536} INFO - Filling up the DagBag from /opt/airflow/dags/kaggle_ingestion_dag.py
[2025-08-30T22:27:26.857+0000] {processor.py:839} INFO - DAG(s) dict_keys(['kaggle_dataset_ingestion']) retrieved from /opt/airflow/dags/kaggle_ingestion_dag.py
[2025-08-30T22:27:26.874+0000] {logging_mixin.py:154} INFO - [2025-08-30T22:27:26.874+0000] {dag.py:2941} INFO - Sync 1 DAGs
[2025-08-30T22:27:26.883+0000] {logging_mixin.py:154} INFO - [2025-08-30T22:27:26.883+0000] {dag.py:3722} INFO - Setting next_dagrun for kaggle_dataset_ingestion to None, run_after=None
[2025-08-30T22:27:26.900+0000] {processor.py:179} INFO - Processing /opt/airflow/dags/kaggle_ingestion_dag.py took 0.057 seconds
[2025-08-30T22:27:56.955+0000] {processor.py:157} INFO - Started process (PID=165) to work on /opt/airflow/dags/kaggle_ingestion_dag.py
[2025-08-30T22:27:56.957+0000] {processor.py:829} INFO - Processing file /opt/airflow/dags/kaggle_ingestion_dag.py for tasks to queue
[2025-08-30T22:27:56.958+0000] {logging_mixin.py:154} INFO - [2025-08-30T22:27:56.958+0000] {dagbag.py:536} INFO - Filling up the DagBag from /opt/airflow/dags/kaggle_ingestion_dag.py
[2025-08-30T22:27:56.966+0000] {processor.py:839} INFO - DAG(s) dict_keys(['kaggle_dataset_ingestion']) retrieved from /opt/airflow/dags/kaggle_ingestion_dag.py
[2025-08-30T22:27:56.985+0000] {logging_mixin.py:154} INFO - [2025-08-30T22:27:56.985+0000] {dag.py:2941} INFO - Sync 1 DAGs
[2025-08-30T22:27:56.993+0000] {logging_mixin.py:154} INFO - [2025-08-30T22:27:56.993+0000] {dag.py:3722} INFO - Setting next_dagrun for kaggle_dataset_ingestion to None, run_after=None
[2025-08-30T22:27:57.006+0000] {processor.py:179} INFO - Processing /opt/airflow/dags/kaggle_ingestion_dag.py took 0.053 seconds
